2026-02-08 18:45:24 | INFO | Starting training
2026-02-08 18:45:24 | INFO | Device: cuda
2026-02-08 18:47:44 | INFO | Epoch 001 | Train Loss: 237.407220 | Val Loss: 249.508407
2026-02-08 18:47:44 | INFO | Checkpoint saved: C:/Users/rishe/Dissertation/experiments/saved_models/exp_3_window_7_days\epoch_1.pt
2026-02-08 18:49:53 | INFO | Epoch 002 | Train Loss: 236.291191 | Val Loss: 248.807958
2026-02-08 18:49:53 | INFO | Checkpoint saved: C:/Users/rishe/Dissertation/experiments/saved_models/exp_3_window_7_days\epoch_2.pt
2026-02-08 18:52:13 | INFO | Epoch 003 | Train Loss: 236.007002 | Val Loss: 249.207595
2026-02-08 18:52:13 | INFO | Checkpoint saved: C:/Users/rishe/Dissertation/experiments/saved_models/exp_3_window_7_days\epoch_3.pt
2026-02-08 18:54:52 | INFO | Epoch 004 | Train Loss: 235.926720 | Val Loss: 249.090159
2026-02-08 18:54:52 | INFO | Checkpoint saved: C:/Users/rishe/Dissertation/experiments/saved_models/exp_3_window_7_days\epoch_4.pt
2026-02-08 18:57:02 | INFO | Epoch 005 | Train Loss: 235.873099 | Val Loss: 249.407407
2026-02-08 18:57:02 | INFO | Checkpoint saved: C:/Users/rishe/Dissertation/experiments/saved_models/exp_3_window_7_days\epoch_5.pt
2026-02-08 18:59:06 | INFO | Epoch 006 | Train Loss: 235.746473 | Val Loss: 249.495017
2026-02-08 18:59:06 | INFO | Checkpoint saved: C:/Users/rishe/Dissertation/experiments/saved_models/exp_3_window_7_days\epoch_6.pt
2026-02-08 19:01:12 | INFO | Epoch 007 | Train Loss: 235.687175 | Val Loss: 249.232673
2026-02-08 19:01:12 | INFO | Checkpoint saved: C:/Users/rishe/Dissertation/experiments/saved_models/exp_3_window_7_days\epoch_7.pt
2026-02-08 19:03:21 | INFO | Epoch 008 | Train Loss: 235.517572 | Val Loss: 249.373964
2026-02-08 19:03:21 | INFO | Checkpoint saved: C:/Users/rishe/Dissertation/experiments/saved_models/exp_3_window_7_days\epoch_8.pt
2026-02-08 19:05:38 | INFO | Epoch 009 | Train Loss: 235.654817 | Val Loss: 250.390136
2026-02-08 19:05:38 | INFO | Checkpoint saved: C:/Users/rishe/Dissertation/experiments/saved_models/exp_3_window_7_days\epoch_9.pt
2026-02-08 19:08:02 | INFO | Epoch 010 | Train Loss: 235.639798 | Val Loss: 249.602503
2026-02-08 19:08:02 | INFO | Checkpoint saved: C:/Users/rishe/Dissertation/experiments/saved_models/exp_3_window_7_days\epoch_10.pt
2026-02-08 19:08:02 | INFO | Training completed
