2026-02-06 11:52:33 | INFO | Starting training
2026-02-06 11:52:33 | INFO | Device: cuda
2026-02-06 11:54:51 | INFO | Epoch 001 | Train Loss: 686.483809 | Val Loss: 742.379873
2026-02-06 11:54:51 | INFO | Checkpoint saved: C:/Users/rishe/Dissertation/experiments/saved_models/exp_2_baseline_wet_days\epoch_1.pt
2026-02-06 11:56:34 | INFO | Epoch 002 | Train Loss: 679.896828 | Val Loss: 738.251600
2026-02-06 11:56:34 | INFO | Checkpoint saved: C:/Users/rishe/Dissertation/experiments/saved_models/exp_2_baseline_wet_days\epoch_2.pt
2026-02-06 11:58:30 | INFO | Epoch 003 | Train Loss: 678.705103 | Val Loss: 737.417625
2026-02-06 11:58:30 | INFO | Checkpoint saved: C:/Users/rishe/Dissertation/experiments/saved_models/exp_2_baseline_wet_days\epoch_3.pt
2026-02-06 12:00:41 | INFO | Epoch 004 | Train Loss: 677.734941 | Val Loss: 737.211836
2026-02-06 12:00:41 | INFO | Checkpoint saved: C:/Users/rishe/Dissertation/experiments/saved_models/exp_2_baseline_wet_days\epoch_4.pt
2026-02-06 12:02:12 | INFO | Epoch 005 | Train Loss: 677.494947 | Val Loss: 736.880741
2026-02-06 12:02:12 | INFO | Checkpoint saved: C:/Users/rishe/Dissertation/experiments/saved_models/exp_2_baseline_wet_days\epoch_5.pt
2026-02-06 12:03:57 | INFO | Epoch 006 | Train Loss: 677.126032 | Val Loss: 736.603326
2026-02-06 12:03:57 | INFO | Checkpoint saved: C:/Users/rishe/Dissertation/experiments/saved_models/exp_2_baseline_wet_days\epoch_6.pt
2026-02-06 12:06:12 | INFO | Epoch 007 | Train Loss: 676.799702 | Val Loss: 737.091981
2026-02-06 12:06:12 | INFO | Checkpoint saved: C:/Users/rishe/Dissertation/experiments/saved_models/exp_2_baseline_wet_days\epoch_7.pt
2026-02-06 12:07:50 | INFO | Epoch 008 | Train Loss: 676.820005 | Val Loss: 736.504520
2026-02-06 12:07:50 | INFO | Checkpoint saved: C:/Users/rishe/Dissertation/experiments/saved_models/exp_2_baseline_wet_days\epoch_8.pt
2026-02-06 12:09:39 | INFO | Epoch 009 | Train Loss: 676.288555 | Val Loss: 738.828811
2026-02-06 12:09:39 | INFO | Checkpoint saved: C:/Users/rishe/Dissertation/experiments/saved_models/exp_2_baseline_wet_days\epoch_9.pt
2026-02-06 12:11:54 | INFO | Epoch 010 | Train Loss: 676.442175 | Val Loss: 735.739382
2026-02-06 12:11:54 | INFO | Checkpoint saved: C:/Users/rishe/Dissertation/experiments/saved_models/exp_2_baseline_wet_days\epoch_10.pt
2026-02-06 12:11:54 | INFO | Training completed
