2026-04-10 01:35:52 | INFO | Starting GCN+GRU training
2026-04-10 01:35:52 | INFO | Device: cuda
2026-04-10 01:35:52 | INFO | Experiment Config:
2026-04-10 01:35:52 | INFO | LR: 0.001
2026-04-10 01:35:52 | INFO | Epochs: 30
2026-04-10 01:35:52 | INFO | Criterion: MSELoss()
2026-04-10 01:39:01 | INFO | Epoch 001 | Train: 0.620038 | Val: 0.550310
2026-04-10 01:39:01 | INFO | Checkpoint saved: C:/Users/rishe/Dissertation/experiments/saved_models/exp_13_gat_gru\epoch_1.pt
2026-04-10 01:39:01 | INFO | ✅ New best model saved: C:/Users/rishe/Dissertation/experiments/saved_models/exp_13_gat_gru\exp_13_gat_gru_best.pt
2026-04-10 01:42:09 | INFO | Epoch 002 | Train: 0.591274 | Val: 0.542216
2026-04-10 01:42:09 | INFO | Checkpoint saved: C:/Users/rishe/Dissertation/experiments/saved_models/exp_13_gat_gru\epoch_2.pt
2026-04-10 01:42:09 | INFO | ✅ New best model saved: C:/Users/rishe/Dissertation/experiments/saved_models/exp_13_gat_gru\exp_13_gat_gru_best.pt
2026-04-10 01:45:17 | INFO | Epoch 003 | Train: 0.577673 | Val: 0.534553
2026-04-10 01:45:17 | INFO | Checkpoint saved: C:/Users/rishe/Dissertation/experiments/saved_models/exp_13_gat_gru\epoch_3.pt
2026-04-10 01:45:17 | INFO | ✅ New best model saved: C:/Users/rishe/Dissertation/experiments/saved_models/exp_13_gat_gru\exp_13_gat_gru_best.pt
2026-04-10 01:48:26 | INFO | Epoch 004 | Train: 0.568298 | Val: 0.532677
2026-04-10 01:48:26 | INFO | Checkpoint saved: C:/Users/rishe/Dissertation/experiments/saved_models/exp_13_gat_gru\epoch_4.pt
2026-04-10 01:48:26 | INFO | ✅ New best model saved: C:/Users/rishe/Dissertation/experiments/saved_models/exp_13_gat_gru\exp_13_gat_gru_best.pt
2026-04-10 01:51:35 | INFO | Epoch 005 | Train: 0.561225 | Val: 0.531165
2026-04-10 01:51:35 | INFO | Checkpoint saved: C:/Users/rishe/Dissertation/experiments/saved_models/exp_13_gat_gru\epoch_5.pt
2026-04-10 01:51:35 | INFO | ✅ New best model saved: C:/Users/rishe/Dissertation/experiments/saved_models/exp_13_gat_gru\exp_13_gat_gru_best.pt
2026-04-10 01:54:46 | INFO | Epoch 006 | Train: 0.552735 | Val: 0.534942
2026-04-10 01:54:46 | INFO | Checkpoint saved: C:/Users/rishe/Dissertation/experiments/saved_models/exp_13_gat_gru\epoch_6.pt
2026-04-10 01:57:58 | INFO | Epoch 007 | Train: 0.548624 | Val: 0.532505
2026-04-10 01:57:58 | INFO | Checkpoint saved: C:/Users/rishe/Dissertation/experiments/saved_models/exp_13_gat_gru\epoch_7.pt
2026-04-10 02:01:09 | INFO | Epoch 008 | Train: 0.545453 | Val: 0.534218
2026-04-10 02:01:09 | INFO | Checkpoint saved: C:/Users/rishe/Dissertation/experiments/saved_models/exp_13_gat_gru\epoch_8.pt
2026-04-10 02:04:17 | INFO | Epoch 009 | Train: 0.541361 | Val: 0.530059
2026-04-10 02:04:17 | INFO | Checkpoint saved: C:/Users/rishe/Dissertation/experiments/saved_models/exp_13_gat_gru\epoch_9.pt
2026-04-10 02:04:17 | INFO | ✅ New best model saved: C:/Users/rishe/Dissertation/experiments/saved_models/exp_13_gat_gru\exp_13_gat_gru_best.pt
2026-04-10 02:07:25 | INFO | Epoch 010 | Train: 0.535831 | Val: 0.520850
2026-04-10 02:07:25 | INFO | Checkpoint saved: C:/Users/rishe/Dissertation/experiments/saved_models/exp_13_gat_gru\epoch_10.pt
2026-04-10 02:07:25 | INFO | ✅ New best model saved: C:/Users/rishe/Dissertation/experiments/saved_models/exp_13_gat_gru\exp_13_gat_gru_best.pt
2026-04-10 02:10:32 | INFO | Epoch 011 | Train: 0.531438 | Val: 0.553281
2026-04-10 02:10:32 | INFO | Checkpoint saved: C:/Users/rishe/Dissertation/experiments/saved_models/exp_13_gat_gru\epoch_11.pt
2026-04-10 02:13:41 | INFO | Epoch 012 | Train: 0.526146 | Val: 0.547245
2026-04-10 02:13:41 | INFO | Checkpoint saved: C:/Users/rishe/Dissertation/experiments/saved_models/exp_13_gat_gru\epoch_12.pt
2026-04-10 02:16:50 | INFO | Epoch 013 | Train: 0.522466 | Val: 0.523403
2026-04-10 02:16:50 | INFO | Checkpoint saved: C:/Users/rishe/Dissertation/experiments/saved_models/exp_13_gat_gru\epoch_13.pt
2026-04-10 02:20:01 | INFO | Epoch 014 | Train: 0.516695 | Val: 0.527390
2026-04-10 02:20:01 | INFO | Checkpoint saved: C:/Users/rishe/Dissertation/experiments/saved_models/exp_13_gat_gru\epoch_14.pt
2026-04-10 02:23:07 | INFO | Epoch 015 | Train: 0.510867 | Val: 0.523353
2026-04-10 02:23:07 | INFO | Checkpoint saved: C:/Users/rishe/Dissertation/experiments/saved_models/exp_13_gat_gru\epoch_15.pt
2026-04-10 02:26:15 | INFO | Epoch 016 | Train: 0.506592 | Val: 0.523231
2026-04-10 02:26:15 | INFO | Checkpoint saved: C:/Users/rishe/Dissertation/experiments/saved_models/exp_13_gat_gru\epoch_16.pt
2026-04-10 02:29:23 | INFO | Epoch 017 | Train: 0.503173 | Val: 0.522893
2026-04-10 02:29:23 | INFO | Checkpoint saved: C:/Users/rishe/Dissertation/experiments/saved_models/exp_13_gat_gru\epoch_17.pt
2026-04-10 02:32:30 | INFO | Epoch 018 | Train: 0.497351 | Val: 0.528587
2026-04-10 02:32:30 | INFO | Checkpoint saved: C:/Users/rishe/Dissertation/experiments/saved_models/exp_13_gat_gru\epoch_18.pt
2026-04-10 02:35:39 | INFO | Epoch 019 | Train: 0.487820 | Val: 0.544176
2026-04-10 02:35:39 | INFO | Checkpoint saved: C:/Users/rishe/Dissertation/experiments/saved_models/exp_13_gat_gru\epoch_19.pt
2026-04-10 02:38:48 | INFO | Epoch 020 | Train: 0.484267 | Val: 0.530389
2026-04-10 02:38:48 | INFO | Checkpoint saved: C:/Users/rishe/Dissertation/experiments/saved_models/exp_13_gat_gru\epoch_20.pt
2026-04-10 02:42:25 | INFO | Epoch 021 | Train: 0.477193 | Val: 0.533880
2026-04-10 02:42:25 | INFO | Checkpoint saved: C:/Users/rishe/Dissertation/experiments/saved_models/exp_13_gat_gru\epoch_21.pt
2026-04-10 02:46:05 | INFO | Epoch 022 | Train: 0.470637 | Val: 0.548478
2026-04-10 02:46:05 | INFO | Checkpoint saved: C:/Users/rishe/Dissertation/experiments/saved_models/exp_13_gat_gru\epoch_22.pt
2026-04-10 02:49:44 | INFO | Epoch 023 | Train: 0.464115 | Val: 0.539692
2026-04-10 02:49:44 | INFO | Checkpoint saved: C:/Users/rishe/Dissertation/experiments/saved_models/exp_13_gat_gru\epoch_23.pt
2026-04-10 02:53:21 | INFO | Epoch 024 | Train: 0.456269 | Val: 0.558266
2026-04-10 02:53:21 | INFO | Checkpoint saved: C:/Users/rishe/Dissertation/experiments/saved_models/exp_13_gat_gru\epoch_24.pt
2026-04-10 02:56:57 | INFO | Epoch 025 | Train: 0.450382 | Val: 0.571676
2026-04-10 02:56:57 | INFO | Checkpoint saved: C:/Users/rishe/Dissertation/experiments/saved_models/exp_13_gat_gru\epoch_25.pt
2026-04-10 03:00:30 | INFO | Epoch 026 | Train: 0.445461 | Val: 0.541283
2026-04-10 03:00:30 | INFO | Checkpoint saved: C:/Users/rishe/Dissertation/experiments/saved_models/exp_13_gat_gru\epoch_26.pt
2026-04-10 03:03:57 | INFO | Epoch 027 | Train: 0.437195 | Val: 0.540250
2026-04-10 03:03:57 | INFO | Checkpoint saved: C:/Users/rishe/Dissertation/experiments/saved_models/exp_13_gat_gru\epoch_27.pt
2026-04-10 03:07:28 | INFO | Epoch 028 | Train: 0.430267 | Val: 0.559293
2026-04-10 03:07:28 | INFO | Checkpoint saved: C:/Users/rishe/Dissertation/experiments/saved_models/exp_13_gat_gru\epoch_28.pt
2026-04-10 03:11:01 | INFO | Epoch 029 | Train: 0.425645 | Val: 0.547830
2026-04-10 03:11:01 | INFO | Checkpoint saved: C:/Users/rishe/Dissertation/experiments/saved_models/exp_13_gat_gru\epoch_29.pt
2026-04-10 03:14:35 | INFO | Epoch 030 | Train: 0.418430 | Val: 0.573948
2026-04-10 03:14:35 | INFO | Checkpoint saved: C:/Users/rishe/Dissertation/experiments/saved_models/exp_13_gat_gru\epoch_30.pt
2026-04-10 03:14:35 | INFO | Training completed
