2026-02-05 02:21:50 | INFO | Starting training
2026-02-05 02:21:50 | INFO | Device: cpu
2026-02-05 16:41:28 | INFO | Starting training
2026-02-05 16:41:28 | INFO | Device: cuda
2026-02-05 16:49:19 | INFO | Starting training
2026-02-05 16:49:19 | INFO | Device: cuda
2026-02-05 16:50:39 | INFO | Epoch 001 | Train Loss: 101.660574 | Val Loss: 113.071600
2026-02-05 16:50:39 | INFO | Checkpoint saved: C:/Users/rishe/Dissertation/experiments/saved_models/exp_1_baseline_30_days_window\epoch_1.pt
2026-02-05 16:51:58 | INFO | Epoch 002 | Train Loss: 100.900044 | Val Loss: 112.794687
2026-02-05 16:51:58 | INFO | Checkpoint saved: C:/Users/rishe/Dissertation/experiments/saved_models/exp_1_baseline_30_days_window\epoch_2.pt
2026-02-05 16:53:16 | INFO | Epoch 003 | Train Loss: 100.670305 | Val Loss: 112.644228
2026-02-05 16:53:16 | INFO | Checkpoint saved: C:/Users/rishe/Dissertation/experiments/saved_models/exp_1_baseline_30_days_window\epoch_3.pt
2026-02-05 16:54:35 | INFO | Epoch 004 | Train Loss: 100.937707 | Val Loss: 112.290006
2026-02-05 16:54:35 | INFO | Checkpoint saved: C:/Users/rishe/Dissertation/experiments/saved_models/exp_1_baseline_30_days_window\epoch_4.pt
2026-02-05 16:55:52 | INFO | Epoch 005 | Train Loss: 100.556202 | Val Loss: 112.734463
2026-02-05 16:55:52 | INFO | Checkpoint saved: C:/Users/rishe/Dissertation/experiments/saved_models/exp_1_baseline_30_days_window\epoch_5.pt
2026-02-05 16:57:09 | INFO | Epoch 006 | Train Loss: 100.436028 | Val Loss: 112.126821
2026-02-05 16:57:09 | INFO | Checkpoint saved: C:/Users/rishe/Dissertation/experiments/saved_models/exp_1_baseline_30_days_window\epoch_6.pt
2026-02-05 16:58:27 | INFO | Epoch 007 | Train Loss: 100.303992 | Val Loss: 112.230944
2026-02-05 16:58:27 | INFO | Checkpoint saved: C:/Users/rishe/Dissertation/experiments/saved_models/exp_1_baseline_30_days_window\epoch_7.pt
2026-02-05 16:59:46 | INFO | Epoch 008 | Train Loss: 100.208533 | Val Loss: 112.108000
2026-02-05 16:59:46 | INFO | Checkpoint saved: C:/Users/rishe/Dissertation/experiments/saved_models/exp_1_baseline_30_days_window\epoch_8.pt
2026-02-05 17:01:01 | INFO | Epoch 009 | Train Loss: 100.125669 | Val Loss: 112.322174
2026-02-05 17:01:01 | INFO | Checkpoint saved: C:/Users/rishe/Dissertation/experiments/saved_models/exp_1_baseline_30_days_window\epoch_9.pt
2026-02-05 17:02:15 | INFO | Epoch 010 | Train Loss: 100.088228 | Val Loss: 112.538971
2026-02-05 17:02:15 | INFO | Checkpoint saved: C:/Users/rishe/Dissertation/experiments/saved_models/exp_1_baseline_30_days_window\epoch_10.pt
2026-02-05 17:02:15 | INFO | Training completed
2026-02-05 19:50:55 | INFO | Starting training
2026-02-05 19:50:55 | INFO | Device: cuda
2026-02-05 19:53:14 | INFO | Starting training
2026-02-05 19:53:14 | INFO | Device: cuda
2026-02-05 19:54:47 | INFO | Epoch 001 | Train Loss: 101.678403 | Val Loss: 113.050638
2026-02-05 19:54:47 | INFO | Checkpoint saved: C:/Users/rishe/Dissertation/experiments/saved_models/exp_1_baseline_30_days_window\epoch_1.pt
2026-02-05 19:56:22 | INFO | Epoch 002 | Train Loss: 100.956479 | Val Loss: 112.934216
2026-02-05 19:56:22 | INFO | Checkpoint saved: C:/Users/rishe/Dissertation/experiments/saved_models/exp_1_baseline_30_days_window\epoch_2.pt
2026-02-05 19:57:34 | INFO | Starting training
2026-02-05 19:57:34 | INFO | Device: cuda
2026-02-05 19:58:08 | INFO | Epoch 003 | Train Loss: 100.774028 | Val Loss: 112.360586
2026-02-05 19:58:08 | INFO | Checkpoint saved: C:/Users/rishe/Dissertation/experiments/saved_models/exp_1_baseline_30_days_window\epoch_3.pt
2026-02-05 19:59:51 | INFO | Epoch 001 | Train Loss: 101.682536 | Val Loss: 112.814986
2026-02-05 19:59:51 | INFO | Checkpoint saved: C:/Users/rishe/Dissertation/experiments/saved_models/exp_1_baseline_30_days_window\epoch_1.pt
2026-02-05 20:00:24 | INFO | Epoch 004 | Train Loss: 100.487685 | Val Loss: 112.125033
2026-02-05 20:00:24 | INFO | Checkpoint saved: C:/Users/rishe/Dissertation/experiments/saved_models/exp_1_baseline_30_days_window\epoch_4.pt
2026-02-05 20:02:07 | INFO | Epoch 002 | Train Loss: 100.886533 | Val Loss: 112.433940
2026-02-05 20:02:07 | INFO | Checkpoint saved: C:/Users/rishe/Dissertation/experiments/saved_models/exp_1_baseline_30_days_window\epoch_2.pt
2026-02-05 20:02:39 | INFO | Epoch 005 | Train Loss: 100.416233 | Val Loss: 112.197327
2026-02-05 20:02:39 | INFO | Checkpoint saved: C:/Users/rishe/Dissertation/experiments/saved_models/exp_1_baseline_30_days_window\epoch_5.pt
2026-02-05 20:04:24 | INFO | Epoch 003 | Train Loss: 100.759037 | Val Loss: 112.738757
2026-02-05 20:04:24 | INFO | Checkpoint saved: C:/Users/rishe/Dissertation/experiments/saved_models/exp_1_baseline_30_days_window\epoch_3.pt
2026-02-05 20:04:57 | INFO | Epoch 006 | Train Loss: 100.299146 | Val Loss: 112.393021
2026-02-05 20:04:57 | INFO | Checkpoint saved: C:/Users/rishe/Dissertation/experiments/saved_models/exp_1_baseline_30_days_window\epoch_6.pt
2026-02-05 20:06:41 | INFO | Epoch 004 | Train Loss: 100.574492 | Val Loss: 112.565114
2026-02-05 20:06:41 | INFO | Checkpoint saved: C:/Users/rishe/Dissertation/experiments/saved_models/exp_1_baseline_30_days_window\epoch_4.pt
2026-02-05 20:07:13 | INFO | Epoch 007 | Train Loss: 100.226933 | Val Loss: 112.290623
2026-02-05 20:07:13 | INFO | Checkpoint saved: C:/Users/rishe/Dissertation/experiments/saved_models/exp_1_baseline_30_days_window\epoch_7.pt
2026-02-05 20:08:56 | INFO | Epoch 005 | Train Loss: 100.588667 | Val Loss: 112.527541
2026-02-05 20:08:56 | INFO | Checkpoint saved: C:/Users/rishe/Dissertation/experiments/saved_models/exp_1_baseline_30_days_window\epoch_5.pt
2026-02-05 20:09:30 | INFO | Epoch 008 | Train Loss: 100.116543 | Val Loss: 112.316793
2026-02-05 20:09:30 | INFO | Checkpoint saved: C:/Users/rishe/Dissertation/experiments/saved_models/exp_1_baseline_30_days_window\epoch_8.pt
2026-02-05 20:11:14 | INFO | Epoch 006 | Train Loss: 100.491715 | Val Loss: 112.840928
2026-02-05 20:11:14 | INFO | Checkpoint saved: C:/Users/rishe/Dissertation/experiments/saved_models/exp_1_baseline_30_days_window\epoch_6.pt
2026-02-05 20:11:46 | INFO | Epoch 009 | Train Loss: 100.027722 | Val Loss: 112.447889
2026-02-05 20:11:46 | INFO | Checkpoint saved: C:/Users/rishe/Dissertation/experiments/saved_models/exp_1_baseline_30_days_window\epoch_9.pt
2026-02-05 20:13:31 | INFO | Epoch 007 | Train Loss: 100.405767 | Val Loss: 112.225917
2026-02-05 20:13:31 | INFO | Checkpoint saved: C:/Users/rishe/Dissertation/experiments/saved_models/exp_1_baseline_30_days_window\epoch_7.pt
2026-02-05 20:14:04 | INFO | Epoch 010 | Train Loss: 99.944795 | Val Loss: 112.445429
2026-02-05 20:14:04 | INFO | Checkpoint saved: C:/Users/rishe/Dissertation/experiments/saved_models/exp_1_baseline_30_days_window\epoch_10.pt
2026-02-05 20:14:04 | INFO | Training completed
2026-02-05 20:15:11 | INFO | Epoch 008 | Train Loss: 100.578400 | Val Loss: 112.616204
2026-02-05 20:15:11 | INFO | Checkpoint saved: C:/Users/rishe/Dissertation/experiments/saved_models/exp_1_baseline_30_days_window\epoch_8.pt
2026-02-05 20:16:44 | INFO | Epoch 009 | Train Loss: 100.369316 | Val Loss: 112.358280
2026-02-05 20:16:44 | INFO | Checkpoint saved: C:/Users/rishe/Dissertation/experiments/saved_models/exp_1_baseline_30_days_window\epoch_9.pt
2026-02-05 20:18:23 | INFO | Epoch 010 | Train Loss: 100.246654 | Val Loss: 112.520178
2026-02-05 20:18:23 | INFO | Checkpoint saved: C:/Users/rishe/Dissertation/experiments/saved_models/exp_1_baseline_30_days_window\epoch_10.pt
2026-02-05 20:18:23 | INFO | Training completed
2026-02-05 23:23:50 | INFO | Starting training
2026-02-05 23:23:50 | INFO | Device: cuda
2026-02-05 23:26:22 | INFO | Epoch 001 | Train Loss: 235.309476 | Val Loss: 247.696354
2026-02-05 23:26:22 | INFO | Checkpoint saved: C:/Users/rishe/Dissertation/experiments/saved_models/exp_1_baseline_30_days_window\epoch_1.pt
2026-02-05 23:28:49 | INFO | Epoch 002 | Train Loss: 234.174734 | Val Loss: 246.639682
2026-02-05 23:28:49 | INFO | Checkpoint saved: C:/Users/rishe/Dissertation/experiments/saved_models/exp_1_baseline_30_days_window\epoch_2.pt
2026-02-05 23:31:24 | INFO | Epoch 003 | Train Loss: 233.910044 | Val Loss: 247.110166
2026-02-05 23:31:24 | INFO | Checkpoint saved: C:/Users/rishe/Dissertation/experiments/saved_models/exp_1_baseline_30_days_window\epoch_3.pt
2026-02-05 23:33:53 | INFO | Epoch 004 | Train Loss: 233.671936 | Val Loss: 246.780718
2026-02-05 23:33:53 | INFO | Checkpoint saved: C:/Users/rishe/Dissertation/experiments/saved_models/exp_1_baseline_30_days_window\epoch_4.pt
2026-02-05 23:36:24 | INFO | Epoch 005 | Train Loss: 233.761299 | Val Loss: 247.122973
2026-02-05 23:36:24 | INFO | Checkpoint saved: C:/Users/rishe/Dissertation/experiments/saved_models/exp_1_baseline_30_days_window\epoch_5.pt
2026-02-05 23:38:51 | INFO | Epoch 006 | Train Loss: 233.638372 | Val Loss: 247.516045
2026-02-05 23:38:51 | INFO | Checkpoint saved: C:/Users/rishe/Dissertation/experiments/saved_models/exp_1_baseline_30_days_window\epoch_6.pt
2026-02-05 23:41:21 | INFO | Epoch 007 | Train Loss: 233.635516 | Val Loss: 247.214012
2026-02-05 23:41:21 | INFO | Checkpoint saved: C:/Users/rishe/Dissertation/experiments/saved_models/exp_1_baseline_30_days_window\epoch_7.pt
2026-02-05 23:43:50 | INFO | Epoch 008 | Train Loss: 233.483607 | Val Loss: 246.835479
2026-02-05 23:43:50 | INFO | Checkpoint saved: C:/Users/rishe/Dissertation/experiments/saved_models/exp_1_baseline_30_days_window\epoch_8.pt
2026-02-05 23:46:20 | INFO | Epoch 009 | Train Loss: 233.361701 | Val Loss: 247.719429
2026-02-05 23:46:20 | INFO | Checkpoint saved: C:/Users/rishe/Dissertation/experiments/saved_models/exp_1_baseline_30_days_window\epoch_9.pt
2026-02-05 23:48:55 | INFO | Epoch 010 | Train Loss: 233.439163 | Val Loss: 246.924234
2026-02-05 23:48:55 | INFO | Checkpoint saved: C:/Users/rishe/Dissertation/experiments/saved_models/exp_1_baseline_30_days_window\epoch_10.pt
2026-02-05 23:48:55 | INFO | Training completed
