2026-03-20 12:26:21 | INFO | Starting GCN+GRU training
2026-03-20 12:26:21 | INFO | Device: cuda
2026-03-20 12:26:21 | INFO | Experiment Config:
2026-03-20 12:26:21 | INFO | LR: 0.001
2026-03-20 12:26:21 | INFO | Epochs: 30
2026-03-20 12:26:21 | INFO | Criterion: MSELoss()
2026-03-20 12:39:00 | INFO | Epoch 001 | Train: 0.633666 | Val: 0.559077
2026-03-20 12:39:00 | INFO | Checkpoint saved: C:/Users/rishe/Dissertation/experiments/saved_models/exp_12_gcn_gru_baseline\epoch_1.pt
2026-03-20 12:39:00 | INFO | ✅ New best model saved: C:/Users/rishe/Dissertation/experiments/saved_models/exp_12_gcn_gru_baseline\exp_12_gcn_gru_baseline_best.pt
2026-03-20 12:48:28 | INFO | Epoch 002 | Train: 0.601816 | Val: 0.558879
2026-03-20 12:48:28 | INFO | Checkpoint saved: C:/Users/rishe/Dissertation/experiments/saved_models/exp_12_gcn_gru_baseline\epoch_2.pt
2026-03-20 12:48:28 | INFO | ✅ New best model saved: C:/Users/rishe/Dissertation/experiments/saved_models/exp_12_gcn_gru_baseline\exp_12_gcn_gru_baseline_best.pt
2026-03-20 12:53:04 | INFO | Epoch 003 | Train: 0.594848 | Val: 0.545438
2026-03-20 12:53:04 | INFO | Checkpoint saved: C:/Users/rishe/Dissertation/experiments/saved_models/exp_12_gcn_gru_baseline\epoch_3.pt
2026-03-20 12:53:04 | INFO | ✅ New best model saved: C:/Users/rishe/Dissertation/experiments/saved_models/exp_12_gcn_gru_baseline\exp_12_gcn_gru_baseline_best.pt
2026-03-20 13:50:23 | INFO | Epoch 004 | Train: 0.589075 | Val: 0.543405
2026-03-20 13:50:23 | INFO | Checkpoint saved: C:/Users/rishe/Dissertation/experiments/saved_models/exp_12_gcn_gru_baseline\epoch_4.pt
2026-03-20 13:50:23 | INFO | ✅ New best model saved: C:/Users/rishe/Dissertation/experiments/saved_models/exp_12_gcn_gru_baseline\exp_12_gcn_gru_baseline_best.pt
2026-03-20 13:50:58 | INFO | Epoch 005 | Train: 0.585559 | Val: 0.544429
2026-03-20 13:50:58 | INFO | Checkpoint saved: C:/Users/rishe/Dissertation/experiments/saved_models/exp_12_gcn_gru_baseline\epoch_5.pt
2026-03-20 13:51:41 | INFO | Epoch 006 | Train: 0.579372 | Val: 0.543042
2026-03-20 13:51:41 | INFO | Checkpoint saved: C:/Users/rishe/Dissertation/experiments/saved_models/exp_12_gcn_gru_baseline\epoch_6.pt
2026-03-20 13:51:41 | INFO | ✅ New best model saved: C:/Users/rishe/Dissertation/experiments/saved_models/exp_12_gcn_gru_baseline\exp_12_gcn_gru_baseline_best.pt
2026-03-20 13:52:23 | INFO | Epoch 007 | Train: 0.577046 | Val: 0.545874
2026-03-20 13:52:23 | INFO | Checkpoint saved: C:/Users/rishe/Dissertation/experiments/saved_models/exp_12_gcn_gru_baseline\epoch_7.pt
2026-03-20 13:53:09 | INFO | Epoch 008 | Train: 0.573628 | Val: 0.540149
2026-03-20 13:53:09 | INFO | Checkpoint saved: C:/Users/rishe/Dissertation/experiments/saved_models/exp_12_gcn_gru_baseline\epoch_8.pt
2026-03-20 13:53:09 | INFO | ✅ New best model saved: C:/Users/rishe/Dissertation/experiments/saved_models/exp_12_gcn_gru_baseline\exp_12_gcn_gru_baseline_best.pt
2026-03-20 13:54:01 | INFO | Epoch 009 | Train: 0.569621 | Val: 0.539120
2026-03-20 13:54:01 | INFO | Checkpoint saved: C:/Users/rishe/Dissertation/experiments/saved_models/exp_12_gcn_gru_baseline\epoch_9.pt
2026-03-20 13:54:01 | INFO | ✅ New best model saved: C:/Users/rishe/Dissertation/experiments/saved_models/exp_12_gcn_gru_baseline\exp_12_gcn_gru_baseline_best.pt
2026-03-20 13:54:52 | INFO | Epoch 010 | Train: 0.565669 | Val: 0.539518
2026-03-20 13:54:52 | INFO | Checkpoint saved: C:/Users/rishe/Dissertation/experiments/saved_models/exp_12_gcn_gru_baseline\epoch_10.pt
2026-03-20 13:55:37 | INFO | Epoch 011 | Train: 0.563550 | Val: 0.537961
2026-03-20 13:55:37 | INFO | Checkpoint saved: C:/Users/rishe/Dissertation/experiments/saved_models/exp_12_gcn_gru_baseline\epoch_11.pt
2026-03-20 13:55:37 | INFO | ✅ New best model saved: C:/Users/rishe/Dissertation/experiments/saved_models/exp_12_gcn_gru_baseline\exp_12_gcn_gru_baseline_best.pt
2026-03-20 13:56:30 | INFO | Epoch 012 | Train: 0.558876 | Val: 0.546649
2026-03-20 13:56:30 | INFO | Checkpoint saved: C:/Users/rishe/Dissertation/experiments/saved_models/exp_12_gcn_gru_baseline\epoch_12.pt
2026-03-20 13:57:15 | INFO | Epoch 013 | Train: 0.556416 | Val: 0.535290
2026-03-20 13:57:15 | INFO | Checkpoint saved: C:/Users/rishe/Dissertation/experiments/saved_models/exp_12_gcn_gru_baseline\epoch_13.pt
2026-03-20 13:57:15 | INFO | ✅ New best model saved: C:/Users/rishe/Dissertation/experiments/saved_models/exp_12_gcn_gru_baseline\exp_12_gcn_gru_baseline_best.pt
2026-03-20 13:58:02 | INFO | Epoch 014 | Train: 0.554631 | Val: 0.531363
2026-03-20 13:58:02 | INFO | Checkpoint saved: C:/Users/rishe/Dissertation/experiments/saved_models/exp_12_gcn_gru_baseline\epoch_14.pt
2026-03-20 13:58:02 | INFO | ✅ New best model saved: C:/Users/rishe/Dissertation/experiments/saved_models/exp_12_gcn_gru_baseline\exp_12_gcn_gru_baseline_best.pt
2026-03-20 13:58:48 | INFO | Epoch 015 | Train: 0.550411 | Val: 0.536432
2026-03-20 13:58:48 | INFO | Checkpoint saved: C:/Users/rishe/Dissertation/experiments/saved_models/exp_12_gcn_gru_baseline\epoch_15.pt
2026-03-20 13:59:34 | INFO | Epoch 016 | Train: 0.548448 | Val: 0.531716
2026-03-20 13:59:34 | INFO | Checkpoint saved: C:/Users/rishe/Dissertation/experiments/saved_models/exp_12_gcn_gru_baseline\epoch_16.pt
2026-03-20 14:00:21 | INFO | Epoch 017 | Train: 0.545485 | Val: 0.530173
2026-03-20 14:00:21 | INFO | Checkpoint saved: C:/Users/rishe/Dissertation/experiments/saved_models/exp_12_gcn_gru_baseline\epoch_17.pt
2026-03-20 14:00:21 | INFO | ✅ New best model saved: C:/Users/rishe/Dissertation/experiments/saved_models/exp_12_gcn_gru_baseline\exp_12_gcn_gru_baseline_best.pt
2026-03-20 14:01:08 | INFO | Epoch 018 | Train: 0.540930 | Val: 0.526744
2026-03-20 14:01:08 | INFO | Checkpoint saved: C:/Users/rishe/Dissertation/experiments/saved_models/exp_12_gcn_gru_baseline\epoch_18.pt
2026-03-20 14:01:08 | INFO | ✅ New best model saved: C:/Users/rishe/Dissertation/experiments/saved_models/exp_12_gcn_gru_baseline\exp_12_gcn_gru_baseline_best.pt
2026-03-20 14:01:57 | INFO | Epoch 019 | Train: 0.538805 | Val: 0.533686
2026-03-20 14:01:57 | INFO | Checkpoint saved: C:/Users/rishe/Dissertation/experiments/saved_models/exp_12_gcn_gru_baseline\epoch_19.pt
2026-03-20 14:02:46 | INFO | Epoch 020 | Train: 0.535859 | Val: 0.533201
2026-03-20 14:02:46 | INFO | Checkpoint saved: C:/Users/rishe/Dissertation/experiments/saved_models/exp_12_gcn_gru_baseline\epoch_20.pt
2026-03-20 14:03:35 | INFO | Epoch 021 | Train: 0.530672 | Val: 0.541621
2026-03-20 14:03:35 | INFO | Checkpoint saved: C:/Users/rishe/Dissertation/experiments/saved_models/exp_12_gcn_gru_baseline\epoch_21.pt
2026-03-20 14:04:25 | INFO | Epoch 022 | Train: 0.526917 | Val: 0.531529
2026-03-20 14:04:25 | INFO | Checkpoint saved: C:/Users/rishe/Dissertation/experiments/saved_models/exp_12_gcn_gru_baseline\epoch_22.pt
2026-03-20 14:05:16 | INFO | Epoch 023 | Train: 0.523843 | Val: 0.553141
2026-03-20 14:05:16 | INFO | Checkpoint saved: C:/Users/rishe/Dissertation/experiments/saved_models/exp_12_gcn_gru_baseline\epoch_23.pt
2026-03-20 14:06:08 | INFO | Epoch 024 | Train: 0.519848 | Val: 0.528940
2026-03-20 14:06:08 | INFO | Checkpoint saved: C:/Users/rishe/Dissertation/experiments/saved_models/exp_12_gcn_gru_baseline\epoch_24.pt
2026-03-20 14:07:00 | INFO | Epoch 025 | Train: 0.515058 | Val: 0.544845
2026-03-20 14:07:00 | INFO | Checkpoint saved: C:/Users/rishe/Dissertation/experiments/saved_models/exp_12_gcn_gru_baseline\epoch_25.pt
2026-03-20 14:07:52 | INFO | Epoch 026 | Train: 0.512673 | Val: 0.536568
2026-03-20 14:07:52 | INFO | Checkpoint saved: C:/Users/rishe/Dissertation/experiments/saved_models/exp_12_gcn_gru_baseline\epoch_26.pt
2026-03-20 14:08:44 | INFO | Epoch 027 | Train: 0.508637 | Val: 0.545011
2026-03-20 14:08:44 | INFO | Checkpoint saved: C:/Users/rishe/Dissertation/experiments/saved_models/exp_12_gcn_gru_baseline\epoch_27.pt
2026-03-20 14:09:36 | INFO | Epoch 028 | Train: 0.505100 | Val: 0.546270
2026-03-20 14:09:36 | INFO | Checkpoint saved: C:/Users/rishe/Dissertation/experiments/saved_models/exp_12_gcn_gru_baseline\epoch_28.pt
2026-03-20 14:10:27 | INFO | Epoch 029 | Train: 0.500719 | Val: 0.553091
2026-03-20 14:10:27 | INFO | Checkpoint saved: C:/Users/rishe/Dissertation/experiments/saved_models/exp_12_gcn_gru_baseline\epoch_29.pt
2026-03-20 14:11:17 | INFO | Epoch 030 | Train: 0.495355 | Val: 0.561164
2026-03-20 14:11:17 | INFO | Checkpoint saved: C:/Users/rishe/Dissertation/experiments/saved_models/exp_12_gcn_gru_baseline\epoch_30.pt
2026-03-20 14:11:17 | INFO | Training completed
